::1 - - [25/Apr/2026:09:19:03 +0000] "GET /api/message/get-message HTTP/1.1" 500 450 "-" "PostmanRuntime/7.53.0"
::1 - - [25/Apr/2026:09:19:09 +0000] "GET /api/message/get-all-messages HTTP/1.1" 500 450 "-" "PostmanRuntime/7.53.0"
::1 - - [25/Apr/2026:09:19:14 +0000] "GET /api/message/get-message-admin/69e9f184abf96218559696cd HTTP/1.1" 500 450 "-" "PostmanRuntime/7.53.0"
::1 - - [25/Apr/2026:09:20:10 +0000] "POST /api/auth/login HTTP/1.1" 400 449 "-" "PostmanRuntime/7.53.0"
::1 - - [25/Apr/2026:09:20:16 +0000] "POST /api/auth/login HTTP/1.1" 400 449 "-" "PostmanRuntime/7.53.0"
::1 - - [25/Apr/2026:09:20:37 +0000] "POST /api/auth/login HTTP/1.1" 400 449 "-" "PostmanRuntime/7.53.0"
::1 - - [25/Apr/2026:09:20:47 +0000] "POST /api/auth/login HTTP/1.1" 200 547 "-" "PostmanRuntime/7.53.0"
::1 - - [25/Apr/2026:09:21:02 +0000] "POST /api/message/send-message/69e9f184abf96218559696cd HTTP/1.1" 200 257 "-" "PostmanRuntime/7.53.0"
::1 - - [25/Apr/2026:09:21:14 +0000] "GET /api/message/get-message HTTP/1.1" 500 450 "-" "PostmanRuntime/7.53.0"
::1 - - [25/Apr/2026:09:21:16 +0000] "GET /api/message/get-message HTTP/1.1" 500 450 "-" "PostmanRuntime/7.53.0"
::1 - - [25/Apr/2026:09:21:17 +0000] "GET /api/message/get-message HTTP/1.1" 500 450 "-" "PostmanRuntime/7.53.0"
::1 - - [25/Apr/2026:09:24:43 +0000] "GET /api/message/get-message HTTP/1.1" 500 450 "-" "PostmanRuntime/7.53.0"
::1 - - [25/Apr/2026:09:24:44 +0000] "GET /api/message/get-message HTTP/1.1" 500 450 "-" "PostmanRuntime/7.53.0"
::1 - - [25/Apr/2026:09:24:47 +0000] "GET /api/message/get-message HTTP/1.1" 500 450 "-" "PostmanRuntime/7.53.0"
::1 - - [25/Apr/2026:09:24:48 +0000] "GET /api/message/get-message HTTP/1.1" 500 450 "-" "PostmanRuntime/7.53.0"
::1 - - [25/Apr/2026:09:25:48 +0000] "GET /api/message/get-message HTTP/1.1" 500 450 "-" "PostmanRuntime/7.53.0"
::1 - - [25/Apr/2026:09:25:57 +0000] "POST /api/auth/login HTTP/1.1" 200 547 "-" "PostmanRuntime/7.53.0"
::1 - - [25/Apr/2026:09:26:20 +0000] "GET /api/message/get-message HTTP/1.1" 500 450 "-" "PostmanRuntime/7.53.0"
::1 - - [25/Apr/2026:09:26:21 +0000] "GET /api/message/get-message HTTP/1.1" 500 450 "-" "PostmanRuntime/7.53.0"
::1 - - [25/Apr/2026:09:26:44 +0000] "GET /api/message/get-message HTTP/1.1" 500 450 "-" "PostmanRuntime/7.53.0"
::1 - - [25/Apr/2026:09:46:35 +0000] "POST /api/auth/login HTTP/1.1" 200 547 "-" "PostmanRuntime/7.53.0"
::1 - - [25/Apr/2026:09:47:33 +0000] "POST /api/auth/login HTTP/1.1" 200 547 "-" "PostmanRuntime/7.53.0"
::1 - - [25/Apr/2026:09:47:35 +0000] "POST /api/auth/login HTTP/1.1" 200 547 "-" "PostmanRuntime/7.53.0"
::1 - - [25/Apr/2026:09:53:42 +0000] "POST /api/auth/login HTTP/1.1" 200 547 "-" "PostmanRuntime/7.53.0"
::1 - - [25/Apr/2026:09:54:00 +0000] "POST /api/auth/login HTTP/1.1" 200 547 "-" "PostmanRuntime/7.53.0"
::1 - - [25/Apr/2026:09:54:02 +0000] "POST /api/auth/login HTTP/1.1" 200 547 "-" "PostmanRuntime/7.53.0"
::1 - - [25/Apr/2026:10:41:29 +0000] "POST /api/auth/login HTTP/1.1" 200 547 "-" "PostmanRuntime/7.53.0"
::1 - - [25/Apr/2026:10:41:44 +0000] "POST /api/auth/login HTTP/1.1" 200 547 "-" "PostmanRuntime/7.53.0"
::1 - - [25/Apr/2026:10:41:46 +0000] "POST /api/auth/login HTTP/1.1" 200 547 "-" "PostmanRuntime/7.53.0"
::1 - - [25/Apr/2026:10:41:47 +0000] "POST /api/auth/login HTTP/1.1" 200 547 "-" "PostmanRuntime/7.53.0"
::1 - - [25/Apr/2026:10:41:48 +0000] "POST /api/auth/login HTTP/1.1" 200 547 "-" "PostmanRuntime/7.53.0"
::1 - - [25/Apr/2026:10:41:49 +0000] "POST /api/auth/login HTTP/1.1" 200 547 "-" "PostmanRuntime/7.53.0"
::1 - - [25/Apr/2026:10:41:51 +0000] "POST /api/auth/login HTTP/1.1" 200 547 "-" "PostmanRuntime/7.53.0"
::1 - - [25/Apr/2026:10:41:52 +0000] "POST /api/auth/login HTTP/1.1" 200 547 "-" "PostmanRuntime/7.53.0"
::1 - - [25/Apr/2026:10:41:54 +0000] "POST /api/auth/login HTTP/1.1" 200 547 "-" "PostmanRuntime/7.53.0"
::1 - - [25/Apr/2026:10:41:55 +0000] "POST /api/auth/login HTTP/1.1" 200 547 "-" "PostmanRuntime/7.53.0"
::1 - - [25/Apr/2026:10:41:56 +0000] "POST /api/auth/login HTTP/1.1" 200 547 "-" "PostmanRuntime/7.53.0"
::1 - - [25/Apr/2026:10:41:57 +0000] "POST /api/auth/login HTTP/1.1" 200 547 "-" "PostmanRuntime/7.53.0"
::1 - - [25/Apr/2026:10:41:59 +0000] "POST /api/auth/login HTTP/1.1" 200 547 "-" "PostmanRuntime/7.53.0"
::1 - - [25/Apr/2026:10:42:01 +0000] "POST /api/auth/login HTTP/1.1" 200 547 "-" "PostmanRuntime/7.53.0"
::1 - - [25/Apr/2026:10:42:03 +0000] "POST /api/auth/login HTTP/1.1" 200 547 "-" "PostmanRuntime/7.53.0"
::1 - - [25/Apr/2026:10:42:04 +0000] "POST /api/auth/login HTTP/1.1" 200 547 "-" "PostmanRuntime/7.53.0"
::1 - - [25/Apr/2026:10:42:05 +0000] "POST /api/auth/login HTTP/1.1" 200 547 "-" "PostmanRuntime/7.53.0"
::1 - - [25/Apr/2026:10:42:06 +0000] "POST /api/auth/login HTTP/1.1" 200 547 "-" "PostmanRuntime/7.53.0"
::1 - - [25/Apr/2026:10:42:07 +0000] "POST /api/auth/login HTTP/1.1" 200 547 "-" "PostmanRuntime/7.53.0"
::1 - - [25/Apr/2026:10:42:08 +0000] "POST /api/auth/login HTTP/1.1" 200 547 "-" "PostmanRuntime/7.53.0"
::1 - - [25/Apr/2026:10:42:10 +0000] "POST /api/auth/login HTTP/1.1" 200 547 "-" "PostmanRuntime/7.53.0"
::1 - - [25/Apr/2026:10:42:11 +0000] "POST /api/auth/login HTTP/1.1" 200 547 "-" "PostmanRuntime/7.53.0"
::1 - - [25/Apr/2026:10:42:12 +0000] "POST /api/auth/login HTTP/1.1" 200 547 "-" "PostmanRuntime/7.53.0"
::1 - - [25/Apr/2026:10:42:13 +0000] "POST /api/auth/login HTTP/1.1" 200 547 "-" "PostmanRuntime/7.53.0"
::1 - - [25/Apr/2026:10:42:14 +0000] "POST /api/auth/login HTTP/1.1" 200 547 "-" "PostmanRuntime/7.53.0"
::1 - - [25/Apr/2026:10:42:15 +0000] "POST /api/auth/login HTTP/1.1" 200 547 "-" "PostmanRuntime/7.53.0"
::1 - - [25/Apr/2026:10:42:16 +0000] "POST /api/auth/login HTTP/1.1" 200 547 "-" "PostmanRuntime/7.53.0"
::1 - - [25/Apr/2026:10:42:17 +0000] "POST /api/auth/login HTTP/1.1" 200 547 "-" "PostmanRuntime/7.53.0"
::1 - - [25/Apr/2026:10:42:18 +0000] "POST /api/auth/login HTTP/1.1" 200 547 "-" "PostmanRuntime/7.53.0"
::1 - - [25/Apr/2026:10:42:19 +0000] "POST /api/auth/login HTTP/1.1" 200 547 "-" "PostmanRuntime/7.53.0"
::1 - - [25/Apr/2026:10:44:14 +0000] "POST /api/auth/login HTTP/1.1" 200 547 "-" "PostmanRuntime/7.53.0"
::1 - - [25/Apr/2026:10:44:16 +0000] "POST /api/auth/login HTTP/1.1" 200 547 "-" "PostmanRuntime/7.53.0"
::1 - - [25/Apr/2026:10:44:18 +0000] "POST /api/auth/login HTTP/1.1" - - "-" "PostmanRuntime/7.53.0"
::1 - - [25/Apr/2026:10:44:19 +0000] "POST /api/auth/login HTTP/1.1" 200 547 "-" "PostmanRuntime/7.53.0"
::1 - - [25/Apr/2026:10:44:20 +0000] "POST /api/auth/login HTTP/1.1" 200 547 "-" "PostmanRuntime/7.53.0"
::1 - - [25/Apr/2026:10:51:08 +0000] "POST /api/auth/login HTTP/1.1" 200 547 "-" "PostmanRuntime/7.53.0"
::1 - - [25/Apr/2026:10:51:11 +0000] "POST /api/auth/login HTTP/1.1" 200 547 "-" "PostmanRuntime/7.53.0"
::1 - - [25/Apr/2026:10:51:15 +0000] "POST /api/auth/login HTTP/1.1" 200 547 "-" "PostmanRuntime/7.53.0"
::1 - - [25/Apr/2026:10:51:16 +0000] "POST /api/auth/login HTTP/1.1" 200 547 "-" "PostmanRuntime/7.53.0"
::1 - - [25/Apr/2026:10:51:17 +0000] "POST /api/auth/login HTTP/1.1" 200 547 "-" "PostmanRuntime/7.53.0"
::1 - - [25/Apr/2026:10:51:19 +0000] "POST /api/auth/login HTTP/1.1" 200 547 "-" "PostmanRuntime/7.53.0"
::1 - - [25/Apr/2026:10:51:20 +0000] "POST /api/auth/login HTTP/1.1" 200 547 "-" "PostmanRuntime/7.53.0"
::1 - - [25/Apr/2026:10:51:21 +0000] "POST /api/auth/login HTTP/1.1" 200 547 "-" "PostmanRuntime/7.53.0"
::1 - - [25/Apr/2026:10:51:45 +0000] "POST /api/auth/login HTTP/1.1" 200 547 "-" "PostmanRuntime/7.53.0"
::1 - - [25/Apr/2026:10:51:47 +0000] "POST /api/auth/login HTTP/1.1" 200 547 "-" "PostmanRuntime/7.53.0"
::1 - - [25/Apr/2026:10:51:48 +0000] "POST /api/auth/login HTTP/1.1" 200 547 "-" "PostmanRuntime/7.53.0"
::1 - - [25/Apr/2026:10:51:49 +0000] "POST /api/auth/login HTTP/1.1" 200 547 "-" "PostmanRuntime/7.53.0"
::1 - - [25/Apr/2026:10:51:50 +0000] "POST /api/auth/login HTTP/1.1" 200 547 "-" "PostmanRuntime/7.53.0"
::1 - - [25/Apr/2026:11:02:35 +0000] "POST /api/auth/login HTTP/1.1" 200 547 "-" "PostmanRuntime/7.53.0"
::1 - - [25/Apr/2026:11:02:37 +0000] "POST /api/auth/login HTTP/1.1" 200 547 "-" "PostmanRuntime/7.53.0"
::1 - - [25/Apr/2026:11:02:40 +0000] "POST /api/auth/login HTTP/1.1" 200 547 "-" "PostmanRuntime/7.53.0"
::1 - - [25/Apr/2026:11:02:41 +0000] "POST /api/auth/login HTTP/1.1" 200 547 "-" "PostmanRuntime/7.53.0"
::1 - - [25/Apr/2026:11:02:42 +0000] "POST /api/auth/login HTTP/1.1" 200 547 "-" "PostmanRuntime/7.53.0"
::1 - - [25/Apr/2026:11:03:34 +0000] "POST /api/auth/login HTTP/1.1" 200 547 "-" "PostmanRuntime/7.53.0"
::1 - - [25/Apr/2026:11:03:35 +0000] "POST /api/auth/login HTTP/1.1" 200 547 "-" "PostmanRuntime/7.53.0"
::1 - - [25/Apr/2026:11:03:36 +0000] "POST /api/auth/login HTTP/1.1" 200 547 "-" "PostmanRuntime/7.53.0"
::1 - - [25/Apr/2026:11:03:38 +0000] "POST /api/auth/login HTTP/1.1" 200 547 "-" "PostmanRuntime/7.53.0"
::1 - - [25/Apr/2026:11:03:39 +0000] "POST /api/auth/login HTTP/1.1" 200 547 "-" "PostmanRuntime/7.53.0"
::1 - - [25/Apr/2026:11:04:15 +0000] "POST /api/auth/login HTTP/1.1" 200 547 "-" "PostmanRuntime/7.53.0"
::1 - - [25/Apr/2026:11:04:38 +0000] "GET /api/message/get-all-messages HTTP/1.1" 200 1043 "-" "PostmanRuntime/7.53.0"
::1 - - [25/Apr/2026:11:04:52 +0000] "GET /api/message/get-message-admin/69e9f184abf96218559696cd HTTP/1.1" 200 1044 "-" "PostmanRuntime/7.53.0"
